==00:00:00:00.000 30197== Memcheck, a memory error detector
==00:00:00:00.000 30197== Copyright (C) 2002-2017, and GNU GPL'd, by Julian Seward et al.
==00:00:00:00.000 30197== Using Valgrind-3.13.0 and LibVEX; rerun with -h for copyright info
==00:00:00:00.000 30197== Command: ./client 127.0.0.1 10001 new client0.req client0.keys server.pubkeys
==00:00:00:00.000 30197== Parent PID: 30189
==00:00:00:00.000 30197== 
==00:00:00:00.905 30197== 
==00:00:00:00.905 30197== FILE DESCRIPTORS: 4 open at exit.
==00:00:00:00.905 30197== Open file descriptor 3: /home/camix/Fiuba/Taller/tp3_7542_fiuba/pruebas/02secuencial-con-valgrind/create-certificate/valgrind_client0.out
==00:00:00:00.905 30197==    <inherited from parent>
==00:00:00:00.905 30197== 
==00:00:00:00.905 30197== Open file descriptor 2: /dev/pts/0
==00:00:00:00.905 30197==    <inherited from parent>
==00:00:00:00.905 30197== 
==00:00:00:00.905 30197== Open file descriptor 1: /home/camix/Fiuba/Taller/tp3_7542_fiuba/pruebas/02secuencial-con-valgrind/create-certificate/client0.out
==00:00:00:00.905 30197==    <inherited from parent>
==00:00:00:00.905 30197== 
==00:00:00:00.905 30197== Open file descriptor 0: /home/camix/Fiuba/Taller/tp3_7542_fiuba/pruebas/02secuencial-con-valgrind/create-certificate/client0.in
==00:00:00:00.905 30197==    <inherited from parent>
==00:00:00:00.905 30197== 
==00:00:00:00.905 30197== 
==00:00:00:00.905 30197== HEAP SUMMARY:
==00:00:00:00.905 30197==     in use at exit: 0 bytes in 0 blocks
==00:00:00:00.905 30197==   total heap usage: 11 allocs, 11 frees, 94,476 bytes allocated
==00:00:00:00.905 30197== 
==00:00:00:00.905 30197== All heap blocks were freed -- no leaks are possible
==00:00:00:00.905 30197== 
==00:00:00:00.905 30197== For counts of detected and suppressed errors, rerun with: -v
==00:00:00:00.905 30197== ERROR SUMMARY: 0 errors from 0 contexts (suppressed: 0 from 0)
