==00:00:00:00.000 29820== Memcheck, a memory error detector
==00:00:00:00.000 29820== Copyright (C) 2002-2017, and GNU GPL'd, by Julian Seward et al.
==00:00:00:00.000 29820== Using Valgrind-3.13.0 and LibVEX; rerun with -h for copyright info
==00:00:00:00.000 29820== Command: ./server 10001 server.keys index.txt
==00:00:00:00.000 29820== Parent PID: 29817
==00:00:00:00.000 29820== 
==00:00:00:03.191 29820== 
==00:00:00:03.191 29820== FILE DESCRIPTORS: 4 open at exit.
==00:00:00:03.191 29820== Open file descriptor 3: /home/camix/Fiuba/Taller/tp3_7542_fiuba/pruebas/02secuencial-con-valgrind/create-certificate/valgrind_server.out
==00:00:00:03.191 29820==    <inherited from parent>
==00:00:00:03.191 29820== 
==00:00:00:03.191 29820== Open file descriptor 2: /home/camix/Fiuba/Taller/tp3_7542_fiuba/pruebas/02secuencial-con-valgrind/create-certificate/__server_stderr__
==00:00:00:03.191 29820==    <inherited from parent>
==00:00:00:03.191 29820== 
==00:00:00:03.191 29820== Open file descriptor 1: /home/camix/Fiuba/Taller/tp3_7542_fiuba/pruebas/02secuencial-con-valgrind/create-certificate/__server_stdout__
==00:00:00:03.191 29820==    <inherited from parent>
==00:00:00:03.191 29820== 
==00:00:00:03.191 29820== Open file descriptor 0: /home/camix/Fiuba/Taller/tp3_7542_fiuba/pruebas/02secuencial-con-valgrind/create-certificate/server-stdin
==00:00:00:03.191 29820==    <inherited from parent>
==00:00:00:03.191 29820== 
==00:00:00:03.191 29820== 
==00:00:00:03.191 29820== HEAP SUMMARY:
==00:00:00:03.191 29820==     in use at exit: 0 bytes in 0 blocks
==00:00:00:03.191 29820==   total heap usage: 49 allocs, 49 frees, 106,203 bytes allocated
==00:00:00:03.191 29820== 
==00:00:00:03.191 29820== All heap blocks were freed -- no leaks are possible
==00:00:00:03.191 29820== 
==00:00:00:03.191 29820== For counts of detected and suppressed errors, rerun with: -v
==00:00:00:03.191 29820== ERROR SUMMARY: 0 errors from 0 contexts (suppressed: 0 from 0)
